/*C3*/SET SCHEMA PUBLIC
DISCONNECT
/*C5*/SET SCHEMA PUBLIC
DISCONNECT
/*C6*/SET SCHEMA PUBLIC
DISCONNECT
/*C7*/SET SCHEMA PUBLIC
DISCONNECT
/*C8*/SET SCHEMA PUBLIC
DISCONNECT
/*C9*/SET SCHEMA PUBLIC
DISCONNECT
/*C10*/SET SCHEMA PUBLIC
DISCONNECT
/*C11*/SET SCHEMA PUBLIC
DISCONNECT
/*C12*/SET SCHEMA PUBLIC
DISCONNECT
/*C13*/SET SCHEMA PUBLIC
DISCONNECT
/*C14*/SET SCHEMA PUBLIC
DISCONNECT
/*C15*/SET SCHEMA PUBLIC
DISCONNECT
/*C16*/SET SCHEMA PUBLIC
DISCONNECT
/*C17*/SET SCHEMA PUBLIC
DISCONNECT
/*C18*/SET SCHEMA PUBLIC
DISCONNECT
/*C19*/SET SCHEMA PUBLIC
DISCONNECT
/*C20*/SET SCHEMA PUBLIC
DISCONNECT
/*C4*/SET SCHEMA PUBLIC
INSERT INTO ACTOR VALUES(2,NULL,'','Ana Maria')
COMMIT
/*C21*/SET SCHEMA PUBLIC
DISCONNECT
/*C4*/INSERT INTO ACTOR VALUES(3,NULL,'','Ana')
COMMIT
/*C22*/SET SCHEMA PUBLIC
DISCONNECT
/*C4*/DELETE FROM ACTOR WHERE ID=2
COMMIT
DELETE FROM ACTOR WHERE ID=3
COMMIT
INSERT INTO ACTOR VALUES(4,'2024-12-21 00:00:00.000000','Holandes','Guillermo Alvarez')
COMMIT
/*C23*/SET SCHEMA PUBLIC
DISCONNECT
/*C4*/DELETE FROM ACTOR WHERE ID=4
COMMIT
/*C24*/SET SCHEMA PUBLIC
DISCONNECT
/*C4*/INSERT INTO ACTOR VALUES(5,'2024-12-04 00:00:00.000000','fads','dsa')
COMMIT
DELETE FROM ACTOR WHERE ID=5
COMMIT
INSERT INTO ACTOR VALUES(6,NULL,'','Lucas')
COMMIT
/*C25*/SET SCHEMA PUBLIC
DISCONNECT
/*C4*/DELETE FROM ACTOR WHERE ID=6
COMMIT
INSERT INTO ACTOR VALUES(7,'2024-12-12 00:00:00.000000','dasda','dsa')
COMMIT
DELETE FROM ACTOR WHERE ID=7
COMMIT
/*C26*/SET SCHEMA PUBLIC
DISCONNECT
/*C27*/SET SCHEMA PUBLIC
DISCONNECT
/*C28*/SET SCHEMA PUBLIC
DISCONNECT
/*C29*/SET SCHEMA PUBLIC
DISCONNECT
/*C30*/SET SCHEMA PUBLIC
DISCONNECT
/*C31*/SET SCHEMA PUBLIC
DISCONNECT
/*C4*/INSERT INTO ACTOR VALUES(8,NULL,'Argentina','Lucas')
COMMIT
/*C32*/SET SCHEMA PUBLIC
DISCONNECT
/*C4*/DELETE FROM ACTOR WHERE ID=8
INSERT INTO ACTOR VALUES(8,'2024-12-19 00:00:00.000000','Argentina','Lucas')
COMMIT
/*C33*/SET SCHEMA PUBLIC
DISCONNECT
/*C34*/SET SCHEMA PUBLIC
DISCONNECT
/*C4*/INSERT INTO ACTOR VALUES(9,'2025-12-21 00:00:00.000000','adsdas','sda')
COMMIT
INSERT INTO ACTOR VALUES(10,'2024-12-02 00:00:00.000000','Argentina','Lucas')
COMMIT
/*C35*/SET SCHEMA PUBLIC
DISCONNECT
/*C4*/DELETE FROM ACTOR WHERE ID=10
COMMIT
DELETE FROM ACTOR WHERE ID=8
COMMIT
DELETE FROM ACTOR WHERE ID=9
COMMIT
INSERT INTO ACTOR VALUES(11,'1978-12-02 00:00:00.000000','Mexicano','Nicolas Cage')
COMMIT
/*C36*/SET SCHEMA PUBLIC
DISCONNECT
/*C4*/INSERT INTO ACTOR VALUES(12,'1978-12-02 00:00:00.000000','Mexicano','Nicolas Cage')
COMMIT
/*C37*/SET SCHEMA PUBLIC
DISCONNECT
/*C4*/INSERT INTO ACTOR VALUES(13,'1978-12-02 00:00:00.000000','Mexicano','Nicolas Cage')
COMMIT
/*C38*/SET SCHEMA PUBLIC
DISCONNECT
/*C4*/DELETE FROM ACTOR WHERE ID=11
COMMIT
DELETE FROM ACTOR WHERE ID=12
COMMIT
DELETE FROM ACTOR WHERE ID=13
COMMIT
INSERT INTO ACTOR VALUES(14,'1978-12-02 00:00:00.000000','Mexicano','Nicolas Cage')
COMMIT
/*C39*/SET SCHEMA PUBLIC
DISCONNECT
